<?xml version="1.0" encoding="UTF-8"?>
<testng-results skipped="0" failed="0" ignored="0" total="5" passed="5">
  <reporter-output>
  </reporter-output>
  <suite name="Surefire suite" duration-ms="68660" started-at="2021-07-28T14:47:50 IST" finished-at="2021-07-28T14:48:59 IST">
    <groups>
      <group name="cucumber">
        <method signature="AbstractTestNGCucumberTests.runScenario(io.cucumber.testng.PickleWrapper,io.cucumber.testng.FeatureWrapper)[pri:0, instance:cucumberoptions.TestRunnerTestNG@4d95d2a2]" name="runScenario" class="io.cucumber.testng.AbstractTestNGCucumberTests"/>
      </group> <!-- cucumber -->
    </groups>
    <test name="Surefire test" duration-ms="68660" started-at="2021-07-28T14:47:50 IST" finished-at="2021-07-28T14:48:59 IST">
      <class name="cucumberoptions.TestRunnerTestNG">
        <test-method status="PASS" signature="setUpClass()[pri:0, instance:cucumberoptions.TestRunnerTestNG@4d95d2a2]" name="setUpClass" is-config="true" duration-ms="1224" started-at="2021-07-28T14:47:50 IST" finished-at="2021-07-28T14:47:51 IST">
          <reporter-output>
          </reporter-output>
        </test-method> <!-- setUpClass -->
        <test-method status="PASS" signature="runScenario(io.cucumber.testng.PickleWrapper,io.cucumber.testng.FeatureWrapper)[pri:0, instance:cucumberoptions.TestRunnerTestNG@4d95d2a2]" name="runScenario" duration-ms="22784" started-at="2021-07-28T14:47:51 IST" description="Runs Cucumber Scenarios" data-provider="scenarios" finished-at="2021-07-28T14:48:14 IST">
          <params>
            <param index="0">
              <value>
                <![CDATA["search for a vegetable"]]>
              </value>
            </param>
            <param index="1">
              <value>
                <![CDATA["Optional[Qaclick academy practise]"]]>
              </value>
            </param>
          </params>
          <reporter-output>
          </reporter-output>
        </test-method> <!-- runScenario -->
        <test-method status="PASS" signature="runScenario(io.cucumber.testng.PickleWrapper,io.cucumber.testng.FeatureWrapper)[pri:0, instance:cucumberoptions.TestRunnerTestNG@4d95d2a2]" name="runScenario" duration-ms="24190" started-at="2021-07-28T14:48:14 IST" description="Runs Cucumber Scenarios" data-provider="scenarios" finished-at="2021-07-28T14:48:38 IST">
          <params>
            <param index="0">
              <value>
                <![CDATA["search for a vegetable and add those to the checkout page"]]>
              </value>
            </param>
            <param index="1">
              <value>
                <![CDATA["Optional[Qaclick academy practise]"]]>
              </value>
            </param>
          </params>
          <reporter-output>
          </reporter-output>
        </test-method> <!-- runScenario -->
        <test-method status="PASS" signature="runScenario(io.cucumber.testng.PickleWrapper,io.cucumber.testng.FeatureWrapper)[pri:0, instance:cucumberoptions.TestRunnerTestNG@4d95d2a2]" name="runScenario" duration-ms="16735" started-at="2021-07-28T14:48:38 IST" description="Runs Cucumber Scenarios" data-provider="scenarios" finished-at="2021-07-28T14:48:55 IST">
          <params>
            <param index="0">
              <value>
                <![CDATA["search for a vegetable and add those to the checkout page"]]>
              </value>
            </param>
            <param index="1">
              <value>
                <![CDATA["Optional[Qaclick academy practise]"]]>
              </value>
            </param>
          </params>
          <reporter-output>
          </reporter-output>
        </test-method> <!-- runScenario -->
        <test-method status="PASS" signature="runScenario(io.cucumber.testng.PickleWrapper,io.cucumber.testng.FeatureWrapper)[pri:0, instance:cucumberoptions.TestRunnerTestNG@4d95d2a2]" name="runScenario" duration-ms="65" started-at="2021-07-28T14:48:55 IST" description="Runs Cucumber Scenarios" data-provider="scenarios" finished-at="2021-07-28T14:48:55 IST">
          <params>
            <param index="0">
              <value>
                <![CDATA["Login with UserName and password and hit the sign in button"]]>
              </value>
            </param>
            <param index="1">
              <value>
                <![CDATA["Optional[web test]"]]>
              </value>
            </param>
          </params>
          <reporter-output>
          </reporter-output>
        </test-method> <!-- runScenario -->
        <test-method status="PASS" signature="runScenario(io.cucumber.testng.PickleWrapper,io.cucumber.testng.FeatureWrapper)[pri:0, instance:cucumberoptions.TestRunnerTestNG@4d95d2a2]" name="runScenario" duration-ms="28" started-at="2021-07-28T14:48:55 IST" description="Runs Cucumber Scenarios" data-provider="scenarios" finished-at="2021-07-28T14:48:55 IST">
          <params>
            <param index="0">
              <value>
                <![CDATA["Login with UserName and passord and hit the sign in button"]]>
              </value>
            </param>
            <param index="1">
              <value>
                <![CDATA["Optional[web test]"]]>
              </value>
            </param>
          </params>
          <reporter-output>
          </reporter-output>
        </test-method> <!-- runScenario -->
        <test-method status="PASS" signature="tearDownClass()[pri:0, instance:cucumberoptions.TestRunnerTestNG@4d95d2a2]" name="tearDownClass" is-config="true" duration-ms="3511" started-at="2021-07-28T14:48:55 IST" finished-at="2021-07-28T14:48:59 IST">
          <reporter-output>
          </reporter-output>
        </test-method> <!-- tearDownClass -->
      </class> <!-- cucumberoptions.TestRunnerTestNG -->
    </test> <!-- Surefire test -->
  </suite> <!-- Surefire suite -->
</testng-results>
