<?xml version="1.0" encoding="UTF-8"?>
<testsuite xmlns:xsi="http://www.w3.org/2001/XMLSchema-instance" xsi:noNamespaceSchemaLocation="https://maven.apache.org/surefire/maven-surefire-plugin/xsd/surefire-test-report-3.0.xsd" version="3.0" name="TestSuite" time="102.268" tests="5" errors="0" skipped="0" failures="0">
  <properties>
[...]
</properties>
  <testcase name="runScenario[&quot;search for a vegetable&quot;, &quot;Optional[Qaclick academy practise]&quot;](1)" classname="cucumberoptions.TestRunnerTestNG" time="22.897">
    <system-out><![CDATA[
@SmokeTest
Scenario: search for a vegetable                     # src/test/java/feature/practisecucumber.feature:3
  Given User is on greenkart home page               # stepdefination.PractiseCucumber.User_is_on_greenkart_home_page()
  When User searchs for "Cucumber" in the search box # stepdefination.PractiseCucumber.user_search_for_in_the_search_box(java.lang.String)
  Then "Cucumber" results are displayed              # stepdefination.PractiseCucumber.results_are_displayed(java.lang.String)
]]></system-out>
    <system-err><![CDATA[Starting ChromeDriver 91.0.4472.101 (af52a90bf87030dd1523486a1cd3ae25c5d76c9b-refs/branch-heads/4472@{#1462}) on port 33815
Only local connections are allowed.
Please see https://chromedriver.chromium.org/security-considerations for suggestions on keeping ChromeDriver safe.
ChromeDriver was started successfully.
[1627463886.387][WARNING]: This version of ChromeDriver has not been tested with Chrome version 92.
Jul 28, 2021 2:48:06 PM org.openqa.selenium.remote.ProtocolHandshake createSession
INFO: Detected dialect: W3C
]]></system-err>
  </testcase>
  <testcase name="runScenario[&quot;search for a vegetable and add those to the checkout page&quot;, &quot;Optional[Qaclick academy practise]&quot;](2)" classname="cucumberoptions.TestRunnerTestNG" time="24.164">
    <system-out><![CDATA[
@seleniumTest
Scenario Outline: search for a vegetable and add those to the checkout page # src/test/java/feature/practisecucumber.feature:18
  Given User is on greenkart home page                                      # stepdefination.PractiseCucumber.User_is_on_greenkart_home_page()
  When User search for Beetroot in the search box                           # stepdefination.PractiseCucumber.user_search_for_beet_root_in_the_search_box(java.lang.String)
  And added items to the bag                                                # stepdefination.PractiseCucumber.added_items_to_the_bag()
  And proceed for the check out                                             # stepdefination.PractiseCucumber.proceed_for_the_check_out()
  Then Verify selected Beetroot is displayed in the checkout page           # stepdefination.PractiseCucumber.verify_selected_beet_root_is_displayed_in_the_checkout_page(java.lang.String)
]]></system-out>
    <system-err><![CDATA[Starting ChromeDriver 91.0.4472.101 (af52a90bf87030dd1523486a1cd3ae25c5d76c9b-refs/branch-heads/4472@{#1462}) on port 13365
Only local connections are allowed.
Please see https://chromedriver.chromium.org/security-considerations for suggestions on keeping ChromeDriver safe.
ChromeDriver was started successfully.
[1627463900.674][WARNING]: This version of ChromeDriver has not been tested with Chrome version 92.
Jul 28, 2021 2:48:21 PM org.openqa.selenium.remote.ProtocolHandshake createSession
INFO: Detected dialect: W3C
]]></system-err>
  </testcase>
  <testcase name="runScenario[&quot;search for a vegetable and add those to the checkout page&quot;, &quot;Optional[Qaclick academy practise]&quot;](3)" classname="cucumberoptions.TestRunnerTestNG" time="16.73">
    <system-out><![CDATA[
@seleniumTest
Scenario Outline: search for a vegetable and add those to the checkout page # src/test/java/feature/practisecucumber.feature:19
  Given User is on greenkart home page                                      # stepdefination.PractiseCucumber.User_is_on_greenkart_home_page()
  When User search for Brinjal in the search box                            # stepdefination.PractiseCucumber.user_search_for_beet_root_in_the_search_box(java.lang.String)
  And added items to the bag                                                # stepdefination.PractiseCucumber.added_items_to_the_bag()
  And proceed for the check out                                             # stepdefination.PractiseCucumber.proceed_for_the_check_out()
  Then Verify selected Brinjal is displayed in the checkout page            # stepdefination.PractiseCucumber.verify_selected_beet_root_is_displayed_in_the_checkout_page(java.lang.String)
]]></system-out>
    <system-err><![CDATA[Starting ChromeDriver 91.0.4472.101 (af52a90bf87030dd1523486a1cd3ae25c5d76c9b-refs/branch-heads/4472@{#1462}) on port 10071
Only local connections are allowed.
Please see https://chromedriver.chromium.org/security-considerations for suggestions on keeping ChromeDriver safe.
ChromeDriver was started successfully.
[1627463924.683][WARNING]: This version of ChromeDriver has not been tested with Chrome version 92.
Jul 28, 2021 2:48:44 PM org.openqa.selenium.remote.ProtocolHandshake createSession
INFO: Detected dialect: W3C
]]></system-err>
  </testcase>
  <testcase name="runScenario[&quot;Login with UserName and password and hit the sign in button&quot;, &quot;Optional[web test]&quot;](4)" classname="cucumberoptions.TestRunnerTestNG" time="0.044">
    <system-out><![CDATA[
@MyTest
Scenario: Login with UserName and password and hit the sign in button     # src/test/java/feature/webtest.feature:6
internet connection is checking
  Given Internet connection is there                                      # stepdefination.WebTestStepdefination.internet_connection_is_there()
UserName :"jaiswalkunika@gmail.com",Password :"9437212557"
  When UserName is "jaiswalkunika@gmail.com" and password is "9437212557" # stepdefination.WebTestStepdefination.user_name_is_and_password_is(java.lang.String,java.lang.String)
FaceBook Home page should be displayed
  Then FaceBook Home page should be displayed                             # stepdefination.WebTestStepdefination.face_book_home_page_should_be_displayed()
]]></system-out>
  </testcase>
  <testcase name="runScenario[&quot;Login with UserName and passord and hit the sign in button&quot;, &quot;Optional[web test]&quot;](5)" classname="cucumberoptions.TestRunnerTestNG" time="0.028">
    <system-out><![CDATA[
@MyTest
Scenario Outline: Login with UserName and passord and hit the sign in button # src/test/java/feature/webtest.feature:18
internet connection is checking
  Given Internet connection is there                                         # stepdefination.WebTestStepdefination.internet_connection_is_there()
UserName :jaiswalkunika@gmail.com,Password :9437212557
  When UserName is jaiswalkunika@gmail.com and password is 9437212557        # stepdefination.WebTestStepdefination.user_name_is_and_password_is(java.lang.String,java.lang.String)
FaceBook Home page should be displayed
  Then FaceBook Home page should be displayed                                # stepdefination.WebTestStepdefination.face_book_home_page_should_be_displayed()
]]></system-out>
  </testcase>
</testsuite>